#
# There is insufficient memory for the Java Runtime Environment to continue.
# Native memory allocation (malloc) failed to allocate 245776 bytes for Chunk::new
# Possible reasons:
#   The system is out of physical RAM or swap space
#   In 32 bit mode, the process size limit was hit
# Possible solutions:
#   Reduce memory load on the system
#   Increase physical memory or swap space
#   Check if swap backing store is full
#   Use 64 bit Java on a 64 bit OS
#   Decrease Java heap size (-Xmx/-Xms)
#   Decrease number of Java threads
#   Decrease Java thread stack sizes (-Xss)
#   Set larger code cache with -XX:ReservedCodeCacheSize=
# This output file may be truncated or incomplete.
#
#  Out of Memory Error (allocation.cpp:390), pid=10116, tid=0x0000000000006c80
#
# JRE version: Java(TM) SE Runtime Environment (8.0_161-b12) (build 1.8.0_161-b12)
# Java VM: Java HotSpot(TM) 64-Bit Server VM (25.161-b12 mixed mode windows-amd64 compressed oops)
# Failed to write core dump. Minidumps are not enabled by default on client versions of Windows
#

---------------  T H R E A D  ---------------

Current thread (0x0000000017b4d000):  JavaThread "C2 CompilerThread1" daemon [_thread_in_native, id=27776, stack(0x00000000192b0000,0x00000000193b0000)]

Stack: [0x00000000192b0000,0x00000000193b0000]
[error occurred during error reporting (printing stack bounds), id 0xc0000005]

Native frames: (J=compiled Java code, j=interpreted, Vv=VM code, C=native code)


Current CompileTask:
C2:   5924 1498   !   4       java.lang.ClassLoader::loadClass (122 bytes)


---------------  P R O C E S S  ---------------

Java Threads: ( => current thread )
  0x000000001a989000 JavaThread "Keep-Alive-Timer" daemon [_thread_blocked, id=2904, stack(0x000000001c1c0000,0x000000001c2c0000)]
  0x000000001a987800 JavaThread "Exec Stream Pumper" daemon [_thread_in_native, id=20424, stack(0x000000001bfc0000,0x000000001c0c0000)]
  0x000000001aa90800 JavaThread "Exec Stream Pumper" daemon [_thread_in_native, id=25948, stack(0x000000001bec0000,0x000000001bfc0000)]
  0x000000001aa91800 JavaThread "UrlChecker-2" daemon [_thread_blocked, id=3132, stack(0x000000001bdc0000,0x000000001bec0000)]
  0x000000001a64a000 JavaThread "Exec Default Executor" daemon [_thread_in_native, id=15008, stack(0x000000001bcc0000,0x000000001bdc0000)]
  0x0000000019b7f800 JavaThread "ReaderThread" [_thread_in_native, id=12732, stack(0x000000001a2b0000,0x000000001a3b0000)]
  0x0000000017b9d800 JavaThread "Service Thread" daemon [_thread_blocked, id=20436, stack(0x00000000198b0000,0x00000000199b0000)]
  0x0000000017b70000 JavaThread "C1 CompilerThread2" daemon [_thread_blocked, id=26148, stack(0x00000000193b0000,0x00000000194b0000)]
=>0x0000000017b4d000 JavaThread "C2 CompilerThread1" daemon [_thread_in_native, id=27776, stack(0x00000000192b0000,0x00000000193b0000)]
  0x0000000017b43000 JavaThread "C2 CompilerThread0" daemon [_thread_in_vm, id=23036, stack(0x00000000191b0000,0x00000000192b0000)]
  0x0000000017b41000 JavaThread "Attach Listener" daemon [_thread_blocked, id=23384, stack(0x00000000190b0000,0x00000000191b0000)]
  0x0000000017b3e000 JavaThread "Signal Dispatcher" daemon [_thread_blocked, id=2984, stack(0x0000000018fb0000,0x00000000190b0000)]
  0x000000000301d800 JavaThread "Finalizer" daemon [_thread_blocked, id=10128, stack(0x0000000018db0000,0x0000000018eb0000)]
  0x0000000003013000 JavaThread "Reference Handler" daemon [_thread_blocked, id=25188, stack(0x0000000018cb0000,0x0000000018db0000)]
  0x0000000002f23800 JavaThread "Forwarding newSession on session null to remote" [_thread_in_vm, id=27812, stack(0x0000000002e20000,0x0000000002f20000)]

Other Threads:
  0x0000000017b07800 VMThread [stack: 0x0000000018bb0000,0x0000000018cb0000] [id=25644]
  0x00000000194e1800 WatcherThread [stack: 0x00000000199b0000,0x0000000019ab0000] [id=6880]

VM state:not at safepoint (normal execution)

VM Mutex/Monitor currently owned by a thread: None

Heap:
 PSYoungGen      total 38400K, used 32519K [0x00000000d5f80000, 0x00000000d8a00000, 0x0000000100000000)
  eden space 33280K, 82% used [0x00000000d5f80000,0x00000000d7a45608,0x00000000d8000000)
  from space 5120K, 99% used [0x00000000d8500000,0x00000000d89fc8a0,0x00000000d8a00000)
  to   space 5120K, 0% used [0x00000000d8000000,0x00000000d8000000,0x00000000d8500000)
 ParOldGen       total 87552K, used 2430K [0x0000000081e00000, 0x0000000087380000, 0x00000000d5f80000)
  object space 87552K, 2% used [0x0000000081e00000,0x000000008205f890,0x0000000087380000)
 Metaspace       used 18137K, capacity 18612K, committed 18688K, reserved 1064960K
  class space    used 2568K, capacity 2740K, committed 2816K, reserved 1048576K

Card table byte_map: [0x00000000123e0000,0x00000000127e0000] byte_map_base: 0x0000000011fd1000

Marking Bits: (ParMarkBitMap*) 0x000000006ba4f860
 Begin Bits: [0x0000000012e90000, 0x0000000014e18000)
 End Bits:   [0x0000000014e18000, 0x0000000016da0000)

Polling page: 0x0000000001370000

CodeCache: size=245760Kb used=5349Kb max_used=5349Kb free=240410Kb
 bounds [0x0000000003020000, 0x0000000003560000, 0x0000000012020000]
 total_blobs=1894 nmethods=1507 adapters=298
 compilation: disabled (not enough contiguous free space left)

Compilation events (10 events):
Event: 5.881 Thread 0x0000000017b70000 nmethod 1501 0x0000000003555fd0 code [0x0000000003556240, 0x0000000003557148]
Event: 5.886 Thread 0x0000000017b70000 1503       3       java.util.Collections$UnmodifiableCollection::<init> (22 bytes)
Event: 5.886 Thread 0x0000000017b70000 nmethod 1503 0x00000000035588d0 code [0x0000000003558a40, 0x0000000003558d08]
Event: 5.886 Thread 0x0000000017b70000 1504       3       java.lang.invoke.LambdaForm$BasicType::basicTypeChar (8 bytes)
Event: 5.887 Thread 0x0000000017b70000 nmethod 1504 0x000000000355b0d0 code [0x000000000355b260, 0x000000000355b668]
Event: 5.887 Thread 0x0000000017b70000 1505       3       jdk.internal.org.objectweb.asm.ClassWriter::visitMethod (24 bytes)
Event: 5.887 Thread 0x0000000017b70000 nmethod 1505 0x0000000003555b10 code [0x0000000003555c80, 0x0000000003555ec8]
Event: 5.887 Thread 0x0000000017b70000 1508       3       jdk.internal.org.objectweb.asm.MethodWriter::visitMaxs (1159 bytes)
Event: 5.890 Thread 0x0000000017b43000 1512       4       java.lang.StringBuilder::<init> (7 bytes)
Event: 5.894 Thread 0x0000000017b70000 


GC Heap History (4 events):
Event: 1.735 GC heap before
{Heap before GC invocations=1 (full 0):
 PSYoungGen      total 38400K, used 33280K [0x00000000d5f80000, 0x00000000d8a00000, 0x0000000100000000)
  eden space 33280K, 100% used [0x00000000d5f80000,0x00000000d8000000,0x00000000d8000000)
  from space 5120K, 0% used [0x00000000d8500000,0x00000000d8500000,0x00000000d8a00000)
  to   space 5120K, 0% used [0x00000000d8000000,0x00000000d8000000,0x00000000d8500000)
 ParOldGen       total 87552K, used 0K [0x0000000081e00000, 0x0000000087380000, 0x00000000d5f80000)
  object space 87552K, 0% used [0x0000000081e00000,0x0000000081e00000,0x0000000087380000)
 Metaspace       used 7221K, capacity 7306K, committed 7552K, reserved 1056768K
  class space    used 1047K, capacity 1073K, committed 1152K, reserved 1048576K
Event: 1.742 GC heap after
Heap after GC invocations=1 (full 0):
 PSYoungGen      total 38400K, used 4252K [0x00000000d5f80000, 0x00000000d8a00000, 0x0000000100000000)
  eden space 33280K, 0% used [0x00000000d5f80000,0x00000000d5f80000,0x00000000d8000000)
  from space 5120K, 83% used [0x00000000d8000000,0x00000000d8427020,0x00000000d8500000)
  to   space 5120K, 0% used [0x00000000d8500000,0x00000000d8500000,0x00000000d8a00000)
 ParOldGen       total 87552K, used 8K [0x0000000081e00000, 0x0000000087380000, 0x00000000d5f80000)
  object space 87552K, 0% used [0x0000000081e00000,0x0000000081e02000,0x0000000087380000)
 Metaspace       used 7221K, capacity 7306K, committed 7552K, reserved 1056768K
  class space    used 1047K, capacity 1073K, committed 1152K, reserved 1048576K
}
Event: 3.592 GC heap before
{Heap before GC invocations=2 (full 0):
 PSYoungGen      total 38400K, used 37532K [0x00000000d5f80000, 0x00000000d8a00000, 0x0000000100000000)
  eden space 33280K, 100% used [0x00000000d5f80000,0x00000000d8000000,0x00000000d8000000)
  from space 5120K, 83% used [0x00000000d8000000,0x00000000d8427020,0x00000000d8500000)
  to   space 5120K, 0% used [0x00000000d8500000,0x00000000d8500000,0x00000000d8a00000)
 ParOldGen       total 87552K, used 8K [0x0000000081e00000, 0x0000000087380000, 0x00000000d5f80000)
  object space 87552K, 0% used [0x0000000081e00000,0x0000000081e02000,0x0000000087380000)
 Metaspace       used 14252K, capacity 14532K, committed 14592K, reserved 1062912K
  class space    used 1950K, capacity 2042K, committed 2048K, reserved 1048576K
Event: 3.610 GC heap after
Heap after GC invocations=2 (full 0):
 PSYoungGen      total 38400K, used 5106K [0x00000000d5f80000, 0x00000000d8a00000, 0x0000000100000000)
  eden space 33280K, 0% used [0x00000000d5f80000,0x00000000d5f80000,0x00000000d8000000)
  from space 5120K, 99% used [0x00000000d8500000,0x00000000d89fc8a0,0x00000000d8a00000)
  to   space 5120K, 0% used [0x00000000d8000000,0x00000000d8000000,0x00000000d8500000)
 ParOldGen       total 87552K, used 2430K [0x0000000081e00000, 0x0000000087380000, 0x00000000d5f80000)
  object space 87552K, 2% used [0x0000000081e00000,0x000000008205f890,0x0000000087380000)
 Metaspace       used 14252K, capacity 14532K, committed 14592K, reserved 1062912K
  class space    used 1950K, capacity 2042K, committed 2048K, reserved 1048576K
}

Deoptimization events (10 events):
Event: 4.597 Thread 0x0000000002f23800 Uncommon trap: reason=unstable_if action=reinterpret pc=0x00000000034aef60 method=java.util.Arrays.equals([B[B)Z @ 2
Event: 4.614 Thread 0x000000001aa91800 Uncommon trap: reason=unstable_if action=reinterpret pc=0x00000000033f025c method=java.lang.CharacterDataLatin1.digit(II)I @ 82
Event: 5.130 Thread 0x000000001aa91800 Uncommon trap: reason=unstable_if action=reinterpret pc=0x00000000033e5c94 method=java.lang.CharacterDataLatin1.digit(II)I @ 82
Event: 5.402 Thread 0x0000000002f23800 Uncommon trap: reason=class_check action=maybe_recompile pc=0x00000000034b095c method=java.util.regex.Matcher.search(I)Z @ 86
Event: 5.402 Thread 0x0000000002f23800 Uncommon trap: reason=class_check action=maybe_recompile pc=0x00000000034139bc method=java.util.regex.Pattern$Curly.match(Ljava/util/regex/Matcher;ILjava/lang/CharSequence;)Z @ 19
Event: 5.402 Thread 0x0000000002f23800 Uncommon trap: reason=class_check action=maybe_recompile pc=0x00000000034b095c method=java.util.regex.Matcher.search(I)Z @ 86
Event: 5.402 Thread 0x0000000002f23800 Uncommon trap: reason=class_check action=maybe_recompile pc=0x00000000034b095c method=java.util.regex.Matcher.search(I)Z @ 86
Event: 5.402 Thread 0x0000000002f23800 Uncommon trap: reason=class_check action=maybe_recompile pc=0x00000000034139bc method=java.util.regex.Pattern$Curly.match(Ljava/util/regex/Matcher;ILjava/lang/CharSequence;)Z @ 19
Event: 5.419 Thread 0x0000000002f23800 Uncommon trap: reason=class_check action=maybe_recompile pc=0x00000000034139bc method=java.util.regex.Pattern$Curly.match(Ljava/util/regex/Matcher;ILjava/lang/CharSequence;)Z @ 19
Event: 5.419 Thread 0x0000000002f23800 Uncommon trap: reason=class_check action=maybe_recompile pc=0x00000000034139bc method=java.util.regex.Pattern$Curly.match(Ljava/util/regex/Matcher;ILjava/lang/CharSequence;)Z @ 19

Classes redefined (0 events):
No events

Internal exceptions (10 events):
Event: 2.027 Thread 0x0000000002f23800 Exception <a 'java/lang/ClassNotFoundException': java/lang/EnumBeanInfo> (0x00000000d67ef478) thrown at [C:\re\workspace\8-2-build-windows-amd64-cygwin\jdk8u161\10277\hotspot\src\share\vm\classfile\systemDictionary.cpp, line 210]
Event: 2.028 Thread 0x0000000002f23800 Exception <a 'java/lang/ClassNotFoundException': java/lang/ObjectBeanInfo> (0x00000000d67f6b00) thrown at [C:\re\workspace\8-2-build-windows-amd64-cygwin\jdk8u161\10277\hotspot\src\share\vm\classfile\systemDictionary.cpp, line 210]
Event: 2.035 Thread 0x0000000002f23800 Exception <a 'java/lang/ClassNotFoundException': java/lang/ObjectCustomizer> (0x00000000d67fe318) thrown at [C:\re\workspace\8-2-build-windows-amd64-cygwin\jdk8u161\10277\hotspot\src\share\vm\classfile\systemDictionary.cpp, line 210]
Event: 2.050 Thread 0x0000000002f23800 Exception <a 'java/lang/ClassNotFoundException': java/lang/EnumCustomizer> (0x00000000d680ce18) thrown at [C:\re\workspace\8-2-build-windows-amd64-cygwin\jdk8u161\10277\hotspot\src\share\vm\classfile\systemDictionary.cpp, line 210]
Event: 2.057 Thread 0x0000000002f23800 Exception <a 'java/lang/ClassNotFoundException': com/aventstack/extentreports/StatusCustomizer> (0x00000000d6829198) thrown at [C:\re\workspace\8-2-build-windows-amd64-cygwin\jdk8u161\10277\hotspot\src\share\vm\classfile\systemDictionary.cpp, line 210]
Event: 2.630 Thread 0x0000000002f23800 Implicit null exception at 0x000000000336fb1b to 0x000000000336ff75
Event: 2.881 Thread 0x0000000002f23800 Exception <a 'java/lang/NoClassDefFoundError': org/apache/log4j/Priority> (0x00000000d791ca90) thrown at [C:\re\workspace\8-2-build-windows-amd64-cygwin\jdk8u161\10277\hotspot\src\share\vm\classfile\systemDictionary.cpp, line 199]
Event: 5.118 Thread 0x000000001aa91800 Exception <a 'java/net/SocketTimeoutException': connect timed out> (0x00000000d6c34c60) thrown at [C:\re\workspace\8-2-build-windows-amd64-cygwin\jdk8u161\10277\hotspot\src\share\vm\prims\jni.cpp, line 735]
Event: 5.274 Thread 0x0000000002f23800 Exception <a 'java/lang/IncompatibleClassChangeError': Found class java.lang.Object, but interface was expected> (0x00000000d6daf6a8) thrown at [C:\re\workspace\8-2-build-windows-amd64-cygwin\jdk8u161\10277\hotspot\src\share\vm\interpreter\linkResolver.cp
Event: 5.299 Thread 0x0000000002f23800 Exception <a 'java/lang/NoSuchMethodError': java.lang.Object.lambda$or$2(Ljava/util/function/Predicate;Ljava/lang/Object;)Z> (0x00000000d6dbd770) thrown at [C:\re\workspace\8-2-build-windows-amd64-cygwin\jdk8u161\10277\hotspot\src\share\vm\interpreter\lin

Events (10 events):
Event: 5.891 loading class com/google/common/net/MediaType$Tokenizer
Event: 5.891 loading class com/google/common/net/MediaType$Tokenizer done
Event: 5.893 loading class com/google/common/base/MoreObjects
Event: 5.893 loading class com/google/common/base/MoreObjects done
Event: 5.895 loading class org/openqa/selenium/remote/Response
Event: 5.895 loading class org/openqa/selenium/remote/Response done
Event: 5.896 loading class org/openqa/selenium/remote/SessionId
Event: 5.896 loading class org/openqa/selenium/remote/SessionId done
Event: 5.897 loading class com/google/gson/JsonParser
Event: 5.897 loading class com/google/gson/JsonParser done


Dynamic libraries:
0x00007ff6d0ce0000 - 0x00007ff6d0d17000 	C:\Program Files\Java\jre1.8.0_161\bin\javaw.exe
0x00007ffa87fc0000 - 0x00007ffa881b0000 	C:\WINDOWS\SYSTEM32\ntdll.dll
0x00007ffa863f0000 - 0x00007ffa864a2000 	C:\WINDOWS\System32\KERNEL32.DLL
0x00007ffa85d20000 - 0x00007ffa85fc4000 	C:\WINDOWS\System32\KERNELBASE.dll
0x00007ffa87370000 - 0x00007ffa87413000 	C:\WINDOWS\System32\ADVAPI32.dll
0x00007ffa86070000 - 0x00007ffa8610e000 	C:\WINDOWS\System32\msvcrt.dll
0x00007ffa86340000 - 0x00007ffa863d7000 	C:\WINDOWS\System32\sechost.dll
0x00007ffa86220000 - 0x00007ffa86340000 	C:\WINDOWS\System32\RPCRT4.dll
0x00007ffa86bc0000 - 0x00007ffa86d54000 	C:\WINDOWS\System32\USER32.dll
0x00007ffa84fa0000 - 0x00007ffa84fc1000 	C:\WINDOWS\System32\win32u.dll
0x00007ffa86550000 - 0x00007ffa86576000 	C:\WINDOWS\System32\GDI32.dll
0x00007ffa858b0000 - 0x00007ffa85a46000 	C:\WINDOWS\System32\gdi32full.dll
0x00007ffa85bd0000 - 0x00007ffa85c6e000 	C:\WINDOWS\System32\msvcp_win.dll
0x00007ffa85ad0000 - 0x00007ffa85bca000 	C:\WINDOWS\System32\ucrtbase.dll
0x00007ffa714e0000 - 0x00007ffa71764000 	C:\WINDOWS\WinSxS\amd64_microsoft.windows.common-controls_6595b64144ccf1df_6.0.18362.959_none_e6c7bbbf130c62bb\COMCTL32.dll
0x00007ffa86580000 - 0x00007ffa868b5000 	C:\WINDOWS\System32\combase.dll
0x00007ffa85a50000 - 0x00007ffa85ad0000 	C:\WINDOWS\System32\bcryptPrimitives.dll
0x00007ffa86520000 - 0x00007ffa8654e000 	C:\WINDOWS\System32\IMM32.DLL
0x000000006b150000 - 0x000000006b222000 	C:\Program Files\Java\jre1.8.0_161\bin\msvcr100.dll
0x000000006b230000 - 0x000000006bacf000 	C:\Program Files\Java\jre1.8.0_161\bin\server\jvm.dll
0x00007ffa863e0000 - 0x00007ffa863e8000 	C:\WINDOWS\System32\PSAPI.DLL
0x00007ffa79160000 - 0x00007ffa79169000 	C:\WINDOWS\SYSTEM32\WSOCK32.dll
0x00007ffa86ec0000 - 0x00007ffa86f2f000 	C:\WINDOWS\System32\WS2_32.dll
0x00007ffa78760000 - 0x00007ffa78784000 	C:\WINDOWS\SYSTEM32\WINMM.dll
0x00007ffa83fd0000 - 0x00007ffa83fda000 	C:\WINDOWS\SYSTEM32\VERSION.dll
0x00007ffa78710000 - 0x00007ffa7873d000 	C:\WINDOWS\SYSTEM32\WINMMBASE.dll
0x00007ffa86020000 - 0x00007ffa8606a000 	C:\WINDOWS\System32\cfgmgr32.dll
0x000000006c540000 - 0x000000006c54f000 	C:\Program Files\Java\jre1.8.0_161\bin\verify.dll
0x000000006c510000 - 0x000000006c539000 	C:\Program Files\Java\jre1.8.0_161\bin\java.dll
0x000000006c4f0000 - 0x000000006c506000 	C:\Program Files\Java\jre1.8.0_161\bin\zip.dll
0x00007ffa87890000 - 0x00007ffa87f76000 	C:\WINDOWS\System32\SHELL32.dll
0x00007ffa868c0000 - 0x00007ffa86969000 	C:\WINDOWS\System32\shcore.dll
0x00007ffa85120000 - 0x00007ffa858a2000 	C:\WINDOWS\System32\windows.storage.dll
0x00007ffa84ec0000 - 0x00007ffa84ee3000 	C:\WINDOWS\System32\profapi.dll
0x00007ffa84ef0000 - 0x00007ffa84f3a000 	C:\WINDOWS\System32\powrprof.dll
0x00007ffa84e70000 - 0x00007ffa84e80000 	C:\WINDOWS\System32\UMPDC.dll
0x00007ffa861c0000 - 0x00007ffa86212000 	C:\WINDOWS\System32\shlwapi.dll
0x00007ffa84e80000 - 0x00007ffa84e91000 	C:\WINDOWS\System32\kernel.appcore.dll
0x00007ffa85fd0000 - 0x00007ffa85fe7000 	C:\WINDOWS\System32\cryptsp.dll
0x000000006c4d0000 - 0x000000006c4ea000 	C:\Program Files\Java\jre1.8.0_161\bin\net.dll
0x00007ffa84680000 - 0x00007ffa846e7000 	C:\WINDOWS\system32\mswsock.dll
0x00007ffa843d0000 - 0x00007ffa8449b000 	C:\WINDOWS\SYSTEM32\DNSAPI.dll
0x00007ffa86970000 - 0x00007ffa86978000 	C:\WINDOWS\System32\NSI.dll
0x00007ffa84390000 - 0x00007ffa843ca000 	C:\WINDOWS\SYSTEM32\IPHLPAPI.DLL
0x00007ffa7af30000 - 0x00007ffa7af3a000 	C:\Windows\System32\rasadhlp.dll
0x00007ffa7cae0000 - 0x00007ffa7cb57000 	C:\WINDOWS\System32\fwpuclnt.dll
0x00007ffa85ff0000 - 0x00007ffa86016000 	C:\WINDOWS\System32\bcrypt.dll
0x000000006be00000 - 0x000000006be24000 	C:\Program Files\Java\jre1.8.0_161\bin\sunec.dll
0x00007ffa7edb0000 - 0x00007ffa7edc6000 	C:\WINDOWS\SYSTEM32\dhcpcsvc6.DLL
0x00007ffa7eb80000 - 0x00007ffa7eb9c000 	C:\WINDOWS\SYSTEM32\dhcpcsvc.DLL
0x000000006c4b0000 - 0x000000006c4c1000 	C:\Program Files\Java\jre1.8.0_161\bin\nio.dll
0x00007ffa841f0000 - 0x00007ffa84223000 	C:\WINDOWS\system32\rsaenh.dll
0x00007ffa84d90000 - 0x00007ffa84db5000 	C:\WINDOWS\SYSTEM32\USERENV.dll
0x00007ffa84850000 - 0x00007ffa8485c000 	C:\WINDOWS\SYSTEM32\CRYPTBASE.dll
0x00007ffa80aa0000 - 0x00007ffa80ab6000 	C:\WINDOWS\system32\napinsp.dll

VM Arguments:
jvm_args: -ea -Dfile.encoding=UTF-8 
java_command: org.eclipse.jdt.internal.junit.runner.RemoteTestRunner -version 3 -port 59045 -testLoaderClass org.eclipse.jdt.internal.junit4.runner.JUnit4TestLoader -loaderpluginname org.eclipse.jdt.junit4.runtime -classNames Runner.TestRunner
java_class_path (initial): C:\Users\rahul\eclipse-workspace\WeatherValidation\target\test-classes;C:\Users\rahul\eclipse-workspace\WeatherValidation\target\classes;C:\Users\rahul\.m2\repository\junit\junit\4.12\junit-4.12.jar;C:\Users\rahul\.m2\repository\org\hamcrest\hamcrest-core\1.3\hamcrest-core-1.3.jar;C:\Users\rahul\.m2\repository\org\seleniumhq\selenium\selenium-java\3.7.1\selenium-java-3.7.1.jar;C:\Users\rahul\.m2\repository\org\seleniumhq\selenium\selenium-api\3.7.1\selenium-api-3.7.1.jar;C:\Users\rahul\.m2\repository\org\seleniumhq\selenium\selenium-chrome-driver\3.7.1\selenium-chrome-driver-3.7.1.jar;C:\Users\rahul\.m2\repository\org\seleniumhq\selenium\selenium-edge-driver\3.7.1\selenium-edge-driver-3.7.1.jar;C:\Users\rahul\.m2\repository\org\seleniumhq\selenium\selenium-firefox-driver\3.7.1\selenium-firefox-driver-3.7.1.jar;C:\Users\rahul\.m2\repository\org\seleniumhq\selenium\selenium-ie-driver\3.7.1\selenium-ie-driver-3.7.1.jar;C:\Users\rahul\.m2\repository\org\seleniumhq\selenium\selenium-opera-driver\3.7.1\selenium-opera-driver-3.7.1.jar;C:\Users\rahul\.m2\repository\org\seleniumhq\selenium\selenium-remote-driver\3.7.1\selenium-remote-driver-3.7.1.jar;C:\Users\rahul\.m2\repository\org\seleniumhq\selenium\selenium-safari-driver\3.7.1\selenium-safari-driver-3.7.1.jar;C:\Users\rahul\.m2\repository\org\seleniumhq\selenium\selenium-support\3.7.1\selenium-support-3.7.1.jar;C:\Users\rahul\.m2\repository\net\bytebuddy\byte-buddy\1.7.5\byte-buddy-1.7.5.jar;C:\Users\rahul\.m2\repository\org\apache\commons\commons-exec\1.3\commons-exec-1.3.jar;C:\Users\rahul\.m2\repository\commons-codec\commons-codec\1.10\commons-codec-1.10.jar;C:\Users\rahul\.m2\repository\commons-logging\commons-logging\1.2\commons-logging-1.2.jar;C:\Users\rahul\.m2\repository\com\google\code\gson\gson\2.8.2\gson-2.8.2.jar;C:\Users\rahul\.m2\repository\com\google\guava\guava\23.0\guava-23.0.jar;C:\Users\rahul\.m2\repository\com\google\code\findbugs\jsr305\1.3.9\jsr305-1.3.9.jar;C:\Users\ra
Launcher Type: SUN_STANDARD

Environment Variables:
JAVA_HOME=C:\Program Files\Java\jdk1.8.0_161
PATH=C:/Program Files/Java/jre1.8.0_161/bin/server;C:/Program Files/Java/jre1.8.0_161/bin;C:/Program Files/Java/jre1.8.0_161/lib/amd64;C:\ProgramData\Oracle\Java\javapath;C:\Program Files (x86)\Intel\iCLS Client\;C:\Program Files\Intel\iCLS Client\;C:\WINDOWS\system32;C:\WINDOWS;C:\WINDOWS\System32\Wbem;C:\WINDOWS\System32\WindowsPowerShell\v1.0\;C:\Program Files (x86)\Intel\Intel(R) Management Engine Components\DAL;C:\Program Files\Intel\Intel(R) Management Engine Components\DAL;C:\Program Files (x86)\Intel\Intel(R) Management Engine Components\IPT;C:\Program Files\Intel\Intel(R) Management Engine Components\IPT;C:\WINDOWS\System32\OpenSSH\;C:\Program Files\Intel\WiFi\bin\;C:\Program Files\Common Files\Intel\WirelessCommon\;C:\Program Files\Java\jdk1.8.0_161\bin;C:\hadoop-3.1.1\bin;C:\Users\rahul\AppData\Local\Microsoft\WindowsApps;;C:\WINDOWS\system32;
USERNAME=rahul
OS=Windows_NT
PROCESSOR_IDENTIFIER=Intel64 Family 6 Model 142 Stepping 9, GenuineIntel



---------------  S Y S T E M  ---------------

OS: Windows 10.0 , 64 bit Build 18362 (10.0.18362.959)

CPU:total 4 (initial active 4) (2 cores per cpu, 2 threads per core) family 6 model 142 stepping 9, cmov, cx8, fxsr, mmx, sse, sse2, sse3, ssse3, sse4.1, sse4.2, popcnt, avx, avx2, aes, clmul, erms, 3dnowpref, lzcnt, ht, tsc, tscinvbit, bmi1, bmi2, adx

Memory: 4k page, physical 8258212k(1389224k free), swap 9683620k(728k free)

vm_info: Java HotSpot(TM) 64-Bit Server VM (25.161-b12) for windows-amd64 JRE (1.8.0_161-b12), built on Dec 19 2017 17:52:25 by "java_re" with MS VC++ 10.0 (VS2010)

time: Sun Aug 16 19:47:47 2020
elapsed time: 5 seconds (0d 0h 0m 5s)

